
*** Running vivado
    with args -log VGAInterface.vds -m64 -product Vivado -mode batch -messageDb vivado.pb -notrace -source VGAInterface.tcl



****** Vivado v2021.1.1 (64-bit)
  **** SW Build 3286242 on Wed Jul 28 13:10:47 MDT 2021
  **** IP Build 3279568 on Wed Jul 28 16:48:48 MDT 2021
    ** Copyright 1986-2021 Xilinx, Inc. All Rights Reserved.

source VGAInterface.tcl -notrace
Command: synth_design -top VGAInterface -part xc7a100tcsg324-1
Starting synth_design
Attempting to get a license for feature 'Synthesis' and/or device 'xc7a100t'
INFO: [Common 17-349] Got license for feature 'Synthesis' and/or device 'xc7a100t'
INFO: [Device 21-403] Loading part xc7a100tcsg324-1
INFO: [Synth 8-7079] Multithreading enabled for synth_design using a maximum of 2 processes.
INFO: [Synth 8-7078] Launching helper process for spawning children vivado processes
INFO: [Synth 8-7075] Helper process launched with PID 11964
---------------------------------------------------------------------------------
Starting RTL Elaboration : Time (s): cpu = 00:00:04 ; elapsed = 00:00:04 . Memory (MB): peak = 1249.156 ; gain = 0.000
---------------------------------------------------------------------------------
INFO: [Synth 8-638] synthesizing module 'VGAInterface' [C:/Users/yorbe/Documents/School/3_Basis_Digitale_Elektronica_2/Opdracht3/RandomPixels/RandomPixels.srcs/sources_1/imports/imports/VGAInterface.vhd:20]
INFO: [Synth 8-3491] module 'ClockingWizard' declared at 'C:/Users/yorbe/Documents/School/3_Basis_Digitale_Elektronica_2/Opdracht3/RandomPixels/RandomPixels.runs/synth_1/.Xil/Vivado-3768-DESKTOP-UO8LOIU/realtime/ClockingWizard_stub.vhdl:5' bound to instance 'clockingwizard_invoegen' of component 'ClockingWizard' [C:/Users/yorbe/Documents/School/3_Basis_Digitale_Elektronica_2/Opdracht3/RandomPixels/RandomPixels.srcs/sources_1/imports/imports/VGAInterface.vhd:49]
INFO: [Synth 8-638] synthesizing module 'ClockingWizard' [C:/Users/yorbe/Documents/School/3_Basis_Digitale_Elektronica_2/Opdracht3/RandomPixels/RandomPixels.runs/synth_1/.Xil/Vivado-3768-DESKTOP-UO8LOIU/realtime/ClockingWizard_stub.vhdl:15]
INFO: [Synth 8-3491] module 'VGATiming' declared at 'C:/Users/yorbe/Documents/School/3_Basis_Digitale_Elektronica_2/Opdracht3/RandomPixels/RandomPixels.srcs/sources_1/imports/imports/VGATiming.vhd:5' bound to instance 'VGATiming_invoegen' of component 'VGATiming' [C:/Users/yorbe/Documents/School/3_Basis_Digitale_Elektronica_2/Opdracht3/RandomPixels/RandomPixels.srcs/sources_1/imports/imports/VGAInterface.vhd:57]
INFO: [Synth 8-638] synthesizing module 'VGATiming' [C:/Users/yorbe/Documents/School/3_Basis_Digitale_Elektronica_2/Opdracht3/RandomPixels/RandomPixels.srcs/sources_1/imports/imports/VGATiming.vhd:16]
INFO: [Synth 8-256] done synthesizing module 'VGATiming' (1#1) [C:/Users/yorbe/Documents/School/3_Basis_Digitale_Elektronica_2/Opdracht3/RandomPixels/RandomPixels.srcs/sources_1/imports/imports/VGATiming.vhd:16]
INFO: [Synth 8-3491] module 'VideoMemory' declared at 'C:/Users/yorbe/Documents/School/3_Basis_Digitale_Elektronica_2/Opdracht3/RandomPixels/RandomPixels.runs/synth_1/.Xil/Vivado-3768-DESKTOP-UO8LOIU/realtime/VideoMemory_stub.vhdl:5' bound to instance 'VideoMemory_invoegen' of component 'VideoMemory' [C:/Users/yorbe/Documents/School/3_Basis_Digitale_Elektronica_2/Opdracht3/RandomPixels/RandomPixels.srcs/sources_1/imports/imports/VGAInterface.vhd:68]
INFO: [Synth 8-638] synthesizing module 'VideoMemory' [C:/Users/yorbe/Documents/School/3_Basis_Digitale_Elektronica_2/Opdracht3/RandomPixels/RandomPixels.runs/synth_1/.Xil/Vivado-3768-DESKTOP-UO8LOIU/realtime/VideoMemory_stub.vhdl:21]
INFO: [Synth 8-3491] module 'WriteVideoMemory' declared at 'C:/Users/yorbe/Documents/School/3_Basis_Digitale_Elektronica_2/Opdracht3/RandomPixels/RandomPixels.srcs/sources_1/imports/imports/WriteVideoMemory.vhd:8' bound to instance 'WriteVideoMemory_invoegen' of component 'WriteVideoMemory' [C:/Users/yorbe/Documents/School/3_Basis_Digitale_Elektronica_2/Opdracht3/RandomPixels/RandomPixels.srcs/sources_1/imports/imports/VGAInterface.vhd:82]
INFO: [Synth 8-638] synthesizing module 'WriteVideoMemory' [C:/Users/yorbe/Documents/School/3_Basis_Digitale_Elektronica_2/Opdracht3/RandomPixels/RandomPixels.srcs/sources_1/imports/imports/WriteVideoMemory.vhd:23]
INFO: [Synth 8-256] done synthesizing module 'WriteVideoMemory' (2#1) [C:/Users/yorbe/Documents/School/3_Basis_Digitale_Elektronica_2/Opdracht3/RandomPixels/RandomPixels.srcs/sources_1/imports/imports/WriteVideoMemory.vhd:23]
	Parameter g_Size bound to: 19 - type: integer 
	Parameter g_Taps bound to: 18'b110010000000000000 
INFO: [Synth 8-3491] module 'LFSR' declared at 'C:/Users/yorbe/Documents/School/3_Basis_Digitale_Elektronica_2/Opdracht3/RandomPixels/RandomPixels.srcs/sources_1/imports/imports/LFSR.vhd:6' bound to instance 'LFSR_invoegen' of component 'LFSR' [C:/Users/yorbe/Documents/School/3_Basis_Digitale_Elektronica_2/Opdracht3/RandomPixels/RandomPixels.srcs/sources_1/imports/imports/VGAInterface.vhd:95]
INFO: [Synth 8-638] synthesizing module 'LFSR' [C:/Users/yorbe/Documents/School/3_Basis_Digitale_Elektronica_2/Opdracht3/RandomPixels/RandomPixels.srcs/sources_1/imports/imports/LFSR.vhd:22]
	Parameter g_Size bound to: 19 - type: integer 
	Parameter g_Taps bound to: 18'b110010000000000000 
WARNING: [Synth 8-614] signal 'CurrentState' is read in the process but is not in the sensitivity list [C:/Users/yorbe/Documents/School/3_Basis_Digitale_Elektronica_2/Opdracht3/RandomPixels/RandomPixels.srcs/sources_1/imports/imports/LFSR.vhd:39]
INFO: [Synth 8-256] done synthesizing module 'LFSR' (3#1) [C:/Users/yorbe/Documents/School/3_Basis_Digitale_Elektronica_2/Opdracht3/RandomPixels/RandomPixels.srcs/sources_1/imports/imports/LFSR.vhd:22]
INFO: [Synth 8-256] done synthesizing module 'VGAInterface' (4#1) [C:/Users/yorbe/Documents/School/3_Basis_Digitale_Elektronica_2/Opdracht3/RandomPixels/RandomPixels.srcs/sources_1/imports/imports/VGAInterface.vhd:20]
---------------------------------------------------------------------------------
Finished RTL Elaboration : Time (s): cpu = 00:00:05 ; elapsed = 00:00:05 . Memory (MB): peak = 1249.156 ; gain = 0.000
---------------------------------------------------------------------------------
---------------------------------------------------------------------------------
Start Handling Custom Attributes
---------------------------------------------------------------------------------
---------------------------------------------------------------------------------
Finished Handling Custom Attributes : Time (s): cpu = 00:00:05 ; elapsed = 00:00:05 . Memory (MB): peak = 1249.156 ; gain = 0.000
---------------------------------------------------------------------------------
---------------------------------------------------------------------------------
Finished RTL Optimization Phase 1 : Time (s): cpu = 00:00:05 ; elapsed = 00:00:05 . Memory (MB): peak = 1249.156 ; gain = 0.000
---------------------------------------------------------------------------------
Netlist sorting complete. Time (s): cpu = 00:00:00 ; elapsed = 00:00:00.006 . Memory (MB): peak = 1249.156 ; gain = 0.000
INFO: [Project 1-570] Preparing netlist for logic optimization

Processing XDC Constraints
Initializing timing engine
Parsing XDC File [C:/Users/yorbe/Documents/School/3_Basis_Digitale_Elektronica_2/Opdracht3/RandomPixels/RandomPixels.runs/synth_1/.Xil/Vivado-3768-DESKTOP-UO8LOIU/ClockingWizard/ClockingWizard/ClockingWizard_in_context.xdc] for cell 'clockingwizard_invoegen'
Finished Parsing XDC File [C:/Users/yorbe/Documents/School/3_Basis_Digitale_Elektronica_2/Opdracht3/RandomPixels/RandomPixels.runs/synth_1/.Xil/Vivado-3768-DESKTOP-UO8LOIU/ClockingWizard/ClockingWizard/ClockingWizard_in_context.xdc] for cell 'clockingwizard_invoegen'
Parsing XDC File [C:/Users/yorbe/Documents/School/3_Basis_Digitale_Elektronica_2/Opdracht3/RandomPixels/RandomPixels.runs/synth_1/.Xil/Vivado-3768-DESKTOP-UO8LOIU/VideoMemory/VideoMemory/VideoMemory_in_context.xdc] for cell 'VideoMemory_invoegen'
Finished Parsing XDC File [C:/Users/yorbe/Documents/School/3_Basis_Digitale_Elektronica_2/Opdracht3/RandomPixels/RandomPixels.runs/synth_1/.Xil/Vivado-3768-DESKTOP-UO8LOIU/VideoMemory/VideoMemory/VideoMemory_in_context.xdc] for cell 'VideoMemory_invoegen'
Parsing XDC File [C:/Users/yorbe/Documents/School/3_Basis_Digitale_Elektronica_2/Opdracht3/RandomPixels/RandomPixels.srcs/constrs_1/imports/imports/ConfigVoltages.xdc]
Finished Parsing XDC File [C:/Users/yorbe/Documents/School/3_Basis_Digitale_Elektronica_2/Opdracht3/RandomPixels/RandomPixels.srcs/constrs_1/imports/imports/ConfigVoltages.xdc]
Parsing XDC File [C:/Users/yorbe/Documents/School/3_Basis_Digitale_Elektronica_2/Opdracht3/RandomPixels/RandomPixels.srcs/constrs_1/imports/imports/Nexys-4-DDR-Master.xdc]
Finished Parsing XDC File [C:/Users/yorbe/Documents/School/3_Basis_Digitale_Elektronica_2/Opdracht3/RandomPixels/RandomPixels.srcs/constrs_1/imports/imports/Nexys-4-DDR-Master.xdc]
INFO: [Project 1-236] Implementation specific constraints were found while reading constraint file [C:/Users/yorbe/Documents/School/3_Basis_Digitale_Elektronica_2/Opdracht3/RandomPixels/RandomPixels.srcs/constrs_1/imports/imports/Nexys-4-DDR-Master.xdc]. These constraints will be ignored for synthesis but will be used in implementation. Impacted constraints are listed in the file [.Xil/VGAInterface_propImpl.xdc].
Resolution: To avoid this warning, move constraints listed in [.Xil/VGAInterface_propImpl.xdc] to another XDC file and exclude this new file from synthesis with the used_in_synthesis property (File Properties dialog in GUI) and re-run elaboration/synthesis.
Parsing XDC File [C:/Users/yorbe/Documents/School/3_Basis_Digitale_Elektronica_2/Opdracht3/RandomPixels/RandomPixels.runs/synth_1/dont_touch.xdc]
Finished Parsing XDC File [C:/Users/yorbe/Documents/School/3_Basis_Digitale_Elektronica_2/Opdracht3/RandomPixels/RandomPixels.runs/synth_1/dont_touch.xdc]
Completed Processing XDC Constraints

Netlist sorting complete. Time (s): cpu = 00:00:00 ; elapsed = 00:00:00 . Memory (MB): peak = 1253.492 ; gain = 0.000
INFO: [Project 1-111] Unisim Transformation Summary:
No Unisim elements were transformed.

Constraint Validation Runtime : Time (s): cpu = 00:00:00 ; elapsed = 00:00:00.004 . Memory (MB): peak = 1253.492 ; gain = 0.000
---------------------------------------------------------------------------------
Finished Constraint Validation : Time (s): cpu = 00:00:11 ; elapsed = 00:00:11 . Memory (MB): peak = 1253.492 ; gain = 4.336
---------------------------------------------------------------------------------
---------------------------------------------------------------------------------
Start Loading Part and Timing Information
---------------------------------------------------------------------------------
Loading part: xc7a100tcsg324-1
---------------------------------------------------------------------------------
Finished Loading Part and Timing Information : Time (s): cpu = 00:00:11 ; elapsed = 00:00:11 . Memory (MB): peak = 1253.492 ; gain = 4.336
---------------------------------------------------------------------------------
---------------------------------------------------------------------------------
Start Applying 'set_property' XDC Constraints
---------------------------------------------------------------------------------
Applied set_property IO_BUFFER_TYPE = NONE for Clk100MHz. (constraint file  C:/Users/yorbe/Documents/School/3_Basis_Digitale_Elektronica_2/Opdracht3/RandomPixels/RandomPixels.runs/synth_1/.Xil/Vivado-3768-DESKTOP-UO8LOIU/ClockingWizard/ClockingWizard/ClockingWizard_in_context.xdc, line 4).
Applied set_property CLOCK_BUFFER_TYPE = NONE for Clk100MHz. (constraint file  C:/Users/yorbe/Documents/School/3_Basis_Digitale_Elektronica_2/Opdracht3/RandomPixels/RandomPixels.runs/synth_1/.Xil/Vivado-3768-DESKTOP-UO8LOIU/ClockingWizard/ClockingWizard/ClockingWizard_in_context.xdc, line 5).
Applied set_property KEEP_HIERARCHY = SOFT for clockingwizard_invoegen. (constraint file  auto generated constraint).
Applied set_property KEEP_HIERARCHY = SOFT for VideoMemory_invoegen. (constraint file  auto generated constraint).
---------------------------------------------------------------------------------
Finished applying 'set_property' XDC Constraints : Time (s): cpu = 00:00:11 ; elapsed = 00:00:11 . Memory (MB): peak = 1253.492 ; gain = 4.336
---------------------------------------------------------------------------------
---------------------------------------------------------------------------------
Finished RTL Optimization Phase 2 : Time (s): cpu = 00:00:11 ; elapsed = 00:00:12 . Memory (MB): peak = 1253.492 ; gain = 4.336
---------------------------------------------------------------------------------
---------------------------------------------------------------------------------
Start RTL Component Statistics 
---------------------------------------------------------------------------------
Detailed RTL Component Info : 
+---Adders : 
	   2 Input   32 Bit       Adders := 3     
+---XORs : 
	   2 Input      1 Bit         XORs := 3     
+---Registers : 
	               32 Bit    Registers := 3     
	               19 Bit    Registers := 2     
	                3 Bit    Registers := 1     
	                1 Bit    Registers := 5     
+---Muxes : 
	   2 Input   32 Bit        Muxes := 3     
	   2 Input   19 Bit        Muxes := 1     
---------------------------------------------------------------------------------
Finished RTL Component Statistics 
---------------------------------------------------------------------------------
---------------------------------------------------------------------------------
Start Part Resource Summary
---------------------------------------------------------------------------------
Part Resources:
DSPs: 240 (col length:80)
BRAMs: 270 (col length: RAMB18 80 RAMB36 40)
---------------------------------------------------------------------------------
Finished Part Resource Summary
---------------------------------------------------------------------------------
---------------------------------------------------------------------------------
Start Cross Boundary and Area Optimization
---------------------------------------------------------------------------------
DSP Report: Generating DSP WriteVideoMemory_invoegen/Addr_reg, operation Mode is: (C+(A:0x280)*B)'.
DSP Report: register WriteVideoMemory_invoegen/Addr_reg is absorbed into DSP WriteVideoMemory_invoegen/Addr_reg.
DSP Report: operator WriteVideoMemory_invoegen/Addr0 is absorbed into DSP WriteVideoMemory_invoegen/Addr_reg.
DSP Report: operator WriteVideoMemory_invoegen/Addr1 is absorbed into DSP WriteVideoMemory_invoegen/Addr_reg.
---------------------------------------------------------------------------------
Finished Cross Boundary and Area Optimization : Time (s): cpu = 00:00:14 ; elapsed = 00:00:14 . Memory (MB): peak = 1253.492 ; gain = 4.336
---------------------------------------------------------------------------------
---------------------------------------------------------------------------------
Start ROM, RAM, DSP, Shift Register and Retiming Reporting
---------------------------------------------------------------------------------

DSP: Preliminary Mapping Report (see note below)
+-----------------+------------------+--------+--------+--------+--------+--------+------+------+------+------+-------+------+------+
|Module Name      | DSP Mapping      | A Size | B Size | C Size | D Size | P Size | AREG | BREG | CREG | DREG | ADREG | MREG | PREG | 
+-----------------+------------------+--------+--------+--------+--------+--------+------+------+------+------+-------+------+------+
|WriteVideoMemory | (C+(A:0x280)*B)' | 19     | 9      | 10     | -      | 19     | 0    | 0    | 0    | -    | -     | 0    | 1    | 
+-----------------+------------------+--------+--------+--------+--------+--------+------+------+------+------+-------+------+------+

Note: The table above is a preliminary report that shows the DSPs inferred at the current stage of the synthesis flow. Some DSP may be reimplemented as non DSP primitives later in the synthesis flow. Multiple instantiated DSPs are reported only once.
---------------------------------------------------------------------------------
Finished ROM, RAM, DSP, Shift Register and Retiming Reporting
---------------------------------------------------------------------------------
---------------------------------------------------------------------------------
Start Applying XDC Timing Constraints
---------------------------------------------------------------------------------
---------------------------------------------------------------------------------
Finished Applying XDC Timing Constraints : Time (s): cpu = 00:00:22 ; elapsed = 00:00:23 . Memory (MB): peak = 1260.387 ; gain = 11.230
---------------------------------------------------------------------------------
---------------------------------------------------------------------------------
Start Timing Optimization
---------------------------------------------------------------------------------
---------------------------------------------------------------------------------
Finished Timing Optimization : Time (s): cpu = 00:00:22 ; elapsed = 00:00:23 . Memory (MB): peak = 1260.910 ; gain = 11.754
---------------------------------------------------------------------------------
---------------------------------------------------------------------------------
Start Technology Mapping
---------------------------------------------------------------------------------
---------------------------------------------------------------------------------
Finished Technology Mapping : Time (s): cpu = 00:00:22 ; elapsed = 00:00:23 . Memory (MB): peak = 1289.512 ; gain = 40.355
---------------------------------------------------------------------------------
---------------------------------------------------------------------------------
Start IO Insertion
---------------------------------------------------------------------------------
---------------------------------------------------------------------------------
Start Flattening Before IO Insertion
---------------------------------------------------------------------------------
---------------------------------------------------------------------------------
Finished Flattening Before IO Insertion
---------------------------------------------------------------------------------
---------------------------------------------------------------------------------
Start Final Netlist Cleanup
---------------------------------------------------------------------------------
---------------------------------------------------------------------------------
Finished Final Netlist Cleanup
---------------------------------------------------------------------------------
---------------------------------------------------------------------------------
Finished IO Insertion : Time (s): cpu = 00:00:25 ; elapsed = 00:00:26 . Memory (MB): peak = 1289.512 ; gain = 40.355
---------------------------------------------------------------------------------
---------------------------------------------------------------------------------
Start Renaming Generated Instances
---------------------------------------------------------------------------------
---------------------------------------------------------------------------------
Finished Renaming Generated Instances : Time (s): cpu = 00:00:25 ; elapsed = 00:00:26 . Memory (MB): peak = 1289.512 ; gain = 40.355
---------------------------------------------------------------------------------
---------------------------------------------------------------------------------
Start Rebuilding User Hierarchy
---------------------------------------------------------------------------------
---------------------------------------------------------------------------------
Finished Rebuilding User Hierarchy : Time (s): cpu = 00:00:25 ; elapsed = 00:00:26 . Memory (MB): peak = 1289.512 ; gain = 40.355
---------------------------------------------------------------------------------
---------------------------------------------------------------------------------
Start Renaming Generated Ports
---------------------------------------------------------------------------------
---------------------------------------------------------------------------------
Finished Renaming Generated Ports : Time (s): cpu = 00:00:25 ; elapsed = 00:00:26 . Memory (MB): peak = 1289.512 ; gain = 40.355
---------------------------------------------------------------------------------
---------------------------------------------------------------------------------
Start Handling Custom Attributes
---------------------------------------------------------------------------------
---------------------------------------------------------------------------------
Finished Handling Custom Attributes : Time (s): cpu = 00:00:25 ; elapsed = 00:00:26 . Memory (MB): peak = 1289.512 ; gain = 40.355
---------------------------------------------------------------------------------
---------------------------------------------------------------------------------
Start Renaming Generated Nets
---------------------------------------------------------------------------------
---------------------------------------------------------------------------------
Finished Renaming Generated Nets : Time (s): cpu = 00:00:25 ; elapsed = 00:00:26 . Memory (MB): peak = 1289.512 ; gain = 40.355
---------------------------------------------------------------------------------
---------------------------------------------------------------------------------
Start Writing Synthesis Report
---------------------------------------------------------------------------------

Report BlackBoxes: 
+------+---------------+----------+
|      |BlackBox name  |Instances |
+------+---------------+----------+
|1     |ClockingWizard |         1|
|2     |VideoMemory    |         1|
+------+---------------+----------+

Report Cell Usage: 
+------+--------------------+------+
|      |Cell                |Count |
+------+--------------------+------+
|1     |ClockingWizard_bbox |     1|
|2     |VideoMemory_bbox    |     1|
|3     |CARRY4              |    53|
|4     |DSP48E1             |     1|
|5     |LUT1                |     8|
|6     |LUT2                |   150|
|7     |LUT4                |    11|
|8     |LUT5                |    37|
|9     |LUT6                |    43|
|10    |FDRE                |   140|
|11    |IBUF                |     1|
|12    |OBUF                |    14|
|13    |OBUFT               |    16|
+------+--------------------+------+
---------------------------------------------------------------------------------
Finished Writing Synthesis Report : Time (s): cpu = 00:00:25 ; elapsed = 00:00:26 . Memory (MB): peak = 1289.512 ; gain = 40.355
---------------------------------------------------------------------------------
Synthesis finished with 0 errors, 0 critical warnings and 0 warnings.
Synthesis Optimization Runtime : Time (s): cpu = 00:00:19 ; elapsed = 00:00:24 . Memory (MB): peak = 1289.512 ; gain = 36.020
Synthesis Optimization Complete : Time (s): cpu = 00:00:26 ; elapsed = 00:00:26 . Memory (MB): peak = 1289.512 ; gain = 40.355
INFO: [Project 1-571] Translating synthesized netlist
Netlist sorting complete. Time (s): cpu = 00:00:00 ; elapsed = 00:00:00.006 . Memory (MB): peak = 1289.512 ; gain = 0.000
INFO: [Netlist 29-17] Analyzing 54 Unisim elements for replacement
INFO: [Netlist 29-28] Unisim Transformation completed in 0 CPU seconds
INFO: [Project 1-570] Preparing netlist for logic optimization
INFO: [Opt 31-140] Inserted 1 IBUFs to IO ports without IO buffers.
INFO: [Opt 31-138] Pushed 0 inverter(s) to 0 load pin(s).
Netlist sorting complete. Time (s): cpu = 00:00:00 ; elapsed = 00:00:00 . Memory (MB): peak = 1289.512 ; gain = 0.000
INFO: [Project 1-111] Unisim Transformation Summary:
No Unisim elements were transformed.

Synth Design complete, checksum: 686e776e
INFO: [Common 17-83] Releasing license: Synthesis
31 Infos, 1 Warnings, 0 Critical Warnings and 0 Errors encountered.
synth_design completed successfully
synth_design: Time (s): cpu = 00:00:29 ; elapsed = 00:00:30 . Memory (MB): peak = 1289.512 ; gain = 40.355
INFO: [Common 17-1381] The checkpoint 'C:/Users/yorbe/Documents/School/3_Basis_Digitale_Elektronica_2/Opdracht3/RandomPixels/RandomPixels.runs/synth_1/VGAInterface.dcp' has been generated.
INFO: [runtcl-4] Executing : report_utilization -file VGAInterface_utilization_synth.rpt -pb VGAInterface_utilization_synth.pb
INFO: [Common 17-206] Exiting Vivado at Tue Dec 14 10:28:57 2021...
