#-----------------------------------------------------------
# Vivado v2021.1.1 (64-bit)
# SW Build 3286242 on Wed Jul 28 13:10:47 MDT 2021
# IP Build 3279568 on Wed Jul 28 16:48:48 MDT 2021
# Start of session at: Tue Dec 14 14:04:16 2021
# Process ID: 3712
# Current directory: C:/Users/yorbe/Documents/School/3_Basis_Digitale_Elektronica_2/Opdracht4/Bresenham
# Command line: vivado.exe -gui_launcher_event rodinguilauncherevent13996 C:\Users\yorbe\Documents\School\3_Basis_Digitale_Elektronica_2\Opdracht4\Bresenham\Bresenham.xpr
# Log file: C:/Users/yorbe/Documents/School/3_Basis_Digitale_Elektronica_2/Opdracht4/Bresenham/vivado.log
# Journal file: C:/Users/yorbe/Documents/School/3_Basis_Digitale_Elektronica_2/Opdracht4/Bresenham\vivado.jou
#-----------------------------------------------------------
start_gui
open_project C:/Users/yorbe/Documents/School/3_Basis_Digitale_Elektronica_2/Opdracht4/Bresenham/Bresenham.xpr
INFO: [ProjectBase 1-489] The host OS only allows 260 characters in a normal path. The project is stored in a path with more than 80 characters. If you experience issues with IP, Block Designs, or files not being found, please consider moving the project to a location with a shorter path. Alternately consider using the OS subst command to map part of the path to a drive letter.
Current project path is 'C:/Users/yorbe/Documents/School/3_Basis_Digitale_Elektronica_2/Opdracht4/Bresenham'
WARNING: [filemgmt 56-3] Default IP Output Path : Could not find the directory 'C:/Users/yorbe/Documents/School/3_Basis_Digitale_Elektronica_2/Opdracht4/Bresenham/Bresenham.gen/sources_1'.
Scanning sources...
Finished scanning sources
INFO: [IP_Flow 19-234] Refreshing IP repositories
INFO: [IP_Flow 19-1704] No user IP repositories specified
INFO: [IP_Flow 19-2313] Loaded Vivado IP repository 'C:/Xilinx/Vivado/2021.1/data/ip'.
open_project: Time (s): cpu = 00:00:33 ; elapsed = 00:00:14 . Memory (MB): peak = 1248.402 ; gain = 0.000
update_compile_order -fileset sources_1
reset_run synth_1
launch_runs synth_1 -jobs 6
[Tue Dec 14 14:05:40 2021] Launched synth_1...
Run output will be captured here: C:/Users/yorbe/Documents/School/3_Basis_Digitale_Elektronica_2/Opdracht4/Bresenham/Bresenham.runs/synth_1/runme.log
launch_runs impl_1 -jobs 6
[Tue Dec 14 14:07:49 2021] Launched impl_1...
Run output will be captured here: C:/Users/yorbe/Documents/School/3_Basis_Digitale_Elektronica_2/Opdracht4/Bresenham/Bresenham.runs/impl_1/runme.log
exit
INFO: [Common 17-206] Exiting Vivado at Tue Dec 14 14:26:12 2021...
