INFO: [VRFC 10-163] Analyzing VHDL file "C:/Users/yorbe/Documents/School/3_Basis_Digitale_Elektronica_2/test/VGAFrameBuffer/VGAFrameBuffer.ip_user_files/ip/VideoMemory/VideoMemory_sim_netlist.vhdl" into library xil_defaultlib
INFO: [VRFC 10-3107] analyzing entity 'VideoMemory_bindec'
INFO: [VRFC 10-3107] analyzing entity 'VideoMemory_bindec_0'
INFO: [VRFC 10-3107] analyzing entity 'VideoMemory_blk_mem_gen_mux'
INFO: [VRFC 10-3107] analyzing entity '\VideoMemory_blk_mem_gen_mux__parameterized0\'
INFO: [VRFC 10-3107] analyzing entity 'VideoMemory_blk_mem_gen_prim_wrapper_init'
INFO: [VRFC 10-3107] analyzing entity '\VideoMemory_blk_mem_gen_prim_wrapper_init__parameterized0\'
INFO: [VRFC 10-3107] analyzing entity '\VideoMemory_blk_mem_gen_prim_wrapper_init__parameterized1\'
INFO: [VRFC 10-3107] analyzing entity '\VideoMemory_blk_mem_gen_prim_wrapper_init__parameterized10\'
INFO: [VRFC 10-3107] analyzing entity '\VideoMemory_blk_mem_gen_prim_wrapper_init__parameterized11\'
INFO: [VRFC 10-3107] analyzing entity '\VideoMemory_blk_mem_gen_prim_wrapper_init__parameterized12\'
INFO: [VRFC 10-3107] analyzing entity '\VideoMemory_blk_mem_gen_prim_wrapper_init__parameterized13\'
INFO: [VRFC 10-3107] analyzing entity '\VideoMemory_blk_mem_gen_prim_wrapper_init__parameterized14\'
INFO: [VRFC 10-3107] analyzing entity '\VideoMemory_blk_mem_gen_prim_wrapper_init__parameterized15\'
INFO: [VRFC 10-3107] analyzing entity '\VideoMemory_blk_mem_gen_prim_wrapper_init__parameterized2\'
INFO: [VRFC 10-3107] analyzing entity '\VideoMemory_blk_mem_gen_prim_wrapper_init__parameterized3\'
INFO: [VRFC 10-3107] analyzing entity '\VideoMemory_blk_mem_gen_prim_wrapper_init__parameterized4\'
INFO: [VRFC 10-3107] analyzing entity '\VideoMemory_blk_mem_gen_prim_wrapper_init__parameterized5\'
INFO: [VRFC 10-3107] analyzing entity '\VideoMemory_blk_mem_gen_prim_wrapper_init__parameterized6\'
INFO: [VRFC 10-3107] analyzing entity '\VideoMemory_blk_mem_gen_prim_wrapper_init__parameterized7\'
INFO: [VRFC 10-3107] analyzing entity '\VideoMemory_blk_mem_gen_prim_wrapper_init__parameterized8\'
INFO: [VRFC 10-3107] analyzing entity '\VideoMemory_blk_mem_gen_prim_wrapper_init__parameterized9\'
INFO: [VRFC 10-3107] analyzing entity 'VideoMemory_blk_mem_gen_prim_width'
INFO: [VRFC 10-3107] analyzing entity '\VideoMemory_blk_mem_gen_prim_width__parameterized0\'
INFO: [VRFC 10-3107] analyzing entity '\VideoMemory_blk_mem_gen_prim_width__parameterized1\'
INFO: [VRFC 10-3107] analyzing entity '\VideoMemory_blk_mem_gen_prim_width__parameterized10\'
INFO: [VRFC 10-3107] analyzing entity '\VideoMemory_blk_mem_gen_prim_width__parameterized11\'
INFO: [VRFC 10-3107] analyzing entity '\VideoMemory_blk_mem_gen_prim_width__parameterized12\'
INFO: [VRFC 10-3107] analyzing entity '\VideoMemory_blk_mem_gen_prim_width__parameterized13\'
INFO: [VRFC 10-3107] analyzing entity '\VideoMemory_blk_mem_gen_prim_width__parameterized14\'
INFO: [VRFC 10-3107] analyzing entity '\VideoMemory_blk_mem_gen_prim_width__parameterized15\'
INFO: [VRFC 10-3107] analyzing entity '\VideoMemory_blk_mem_gen_prim_width__parameterized2\'
INFO: [VRFC 10-3107] analyzing entity '\VideoMemory_blk_mem_gen_prim_width__parameterized3\'
INFO: [VRFC 10-3107] analyzing entity '\VideoMemory_blk_mem_gen_prim_width__parameterized4\'
INFO: [VRFC 10-3107] analyzing entity '\VideoMemory_blk_mem_gen_prim_width__parameterized5\'
INFO: [VRFC 10-3107] analyzing entity '\VideoMemory_blk_mem_gen_prim_width__parameterized6\'
INFO: [VRFC 10-3107] analyzing entity '\VideoMemory_blk_mem_gen_prim_width__parameterized7\'
INFO: [VRFC 10-3107] analyzing entity '\VideoMemory_blk_mem_gen_prim_width__parameterized8\'
INFO: [VRFC 10-3107] analyzing entity '\VideoMemory_blk_mem_gen_prim_width__parameterized9\'
INFO: [VRFC 10-3107] analyzing entity 'VideoMemory_blk_mem_gen_generic_cstr'
INFO: [VRFC 10-3107] analyzing entity 'VideoMemory_blk_mem_gen_top'
INFO: [VRFC 10-3107] analyzing entity 'VideoMemory_blk_mem_gen_v8_4_4_synth'
INFO: [VRFC 10-3107] analyzing entity 'VideoMemory_blk_mem_gen_v8_4_4'
INFO: [VRFC 10-3107] analyzing entity 'VideoMemory'
INFO: [VRFC 10-163] Analyzing VHDL file "C:/Users/yorbe/Documents/School/3_Basis_Digitale_Elektronica_2/test/VGAFrameBuffer/VGAFrameBuffer.ip_user_files/ip/ClockingWizard/ClockingWizard_sim_netlist.vhdl" into library xil_defaultlib
INFO: [VRFC 10-3107] analyzing entity 'ClockingWizard_clk_wiz'
INFO: [VRFC 10-3107] analyzing entity 'ClockingWizard'
INFO: [VRFC 10-163] Analyzing VHDL file "C:/Users/yorbe/Documents/School/3_Basis_Digitale_Elektronica_2/test/VGAFrameBuffer/VGAFrameBuffer.srcs/sources_1/imports/imports/VGAPackage.vhd" into library xil_defaultlib
INFO: [VRFC 10-163] Analyzing VHDL file "C:/Users/yorbe/Documents/School/3_Basis_Digitale_Elektronica_2/test/VGAFrameBuffer/VGAFrameBuffer.srcs/sources_1/imports/imports/Components.vhd" into library xil_defaultlib
INFO: [VRFC 10-163] Analyzing VHDL file "C:/Users/yorbe/Documents/School/3_Basis_Digitale_Elektronica_2/test/VGAFrameBuffer/VGAFrameBuffer.srcs/sources_1/imports/imports/VGAInterface.vhd" into library xil_defaultlib
INFO: [VRFC 10-3107] analyzing entity 'VGAInterface'
INFO: [VRFC 10-163] Analyzing VHDL file "C:/Users/yorbe/Documents/School/3_Basis_Digitale_Elektronica_2/test/VGAFrameBuffer/VGAFrameBuffer.srcs/sources_1/imports/imports/VGATiming.vhd" into library xil_defaultlib
INFO: [VRFC 10-3107] analyzing entity 'VGATiming'
INFO: [VRFC 10-163] Analyzing VHDL file "C:/Users/yorbe/Documents/School/3_Basis_Digitale_Elektronica_2/test/VGAFrameBuffer/VGAFrameBuffer.srcs/sim_1/imports/imports/TB_VGASyncs.vhd" into library xil_defaultlib
INFO: [VRFC 10-3107] analyzing entity 'TB_VGASync'
