#-----------------------------------------------------------
# Vivado v2021.1.1 (64-bit)
# SW Build 3286242 on Wed Jul 28 13:10:47 MDT 2021
# IP Build 3279568 on Wed Jul 28 16:48:48 MDT 2021
# Start of session at: Wed Nov 24 13:17:02 2021
# Process ID: 9108
# Current directory: C:/Users/yorbe/Documents/School/3_Basis_Digitale_Elektronica_2/Opdracht1/VGAFrameBuffer
# Command line: vivado.exe -gui_launcher_event rodinguilauncherevent18428 C:\Users\yorbe\Documents\School\3_Basis_Digitale_Elektronica_2\Opdracht1\VGAFrameBuffer\VGAFrameBuffer.xpr
# Log file: C:/Users/yorbe/Documents/School/3_Basis_Digitale_Elektronica_2/Opdracht1/VGAFrameBuffer/vivado.log
# Journal file: C:/Users/yorbe/Documents/School/3_Basis_Digitale_Elektronica_2/Opdracht1/VGAFrameBuffer\vivado.jou
#-----------------------------------------------------------
start_gui
open_project C:/Users/yorbe/Documents/School/3_Basis_Digitale_Elektronica_2/Opdracht1/VGAFrameBuffer/VGAFrameBuffer.xpr
INFO: [ProjectBase 1-489] The host OS only allows 260 characters in a normal path. The project is stored in a path with more than 80 characters. If you experience issues with IP, Block Designs, or files not being found, please consider moving the project to a location with a shorter path. Alternately consider using the OS subst command to map part of the path to a drive letter.
Current project path is 'C:/Users/yorbe/Documents/School/3_Basis_Digitale_Elektronica_2/Opdracht1/VGAFrameBuffer'
INFO: [Project 1-313] Project file moved from 'C:/Users/yorbe/Documents/School/3_Basis_Digitale_Elektronica_2/test/VGAFrameBuffer' since last save.
WARNING: [filemgmt 56-2] Default IP Output Path : Could not find the directory 'C:/Users/yorbe/Documents/School/3_Basis_Digitale_Elektronica_2/Opdracht1/VGAFrameBuffer/VGAFrameBuffer.gen/sources_1', nor could it be found using path 'C:/Users/yorbe/Documents/School/3_Basis_Digitale_Elektronica_2/test/VGAFrameBuffer/VGAFrameBuffer.gen/sources_1'.
Scanning sources...
Finished scanning sources
INFO: [IP_Flow 19-234] Refreshing IP repositories
INFO: [IP_Flow 19-1704] No user IP repositories specified
INFO: [IP_Flow 19-2313] Loaded Vivado IP repository 'C:/Xilinx/Vivado/2021.1/data/ip'.
open_project: Time (s): cpu = 00:00:40 ; elapsed = 00:00:17 . Memory (MB): peak = 1249.020 ; gain = 0.000
update_compile_order -fileset sources_1
exit
INFO: [Common 17-206] Exiting Vivado at Wed Nov 24 13:18:10 2021...
